#
# A fatal error has been detected by the Java Runtime Environment:
#
#  EXCEPTION_ACCESS_VIOLATION (0xc0000005) at pc=0x00007ffcc50a8bf5, pid=7660, tid=15920
#
# JRE version: Java(TM) SE Runtime Environment (10.0.1+10) (build 10.0.1+10)
# Java VM: Java HotSpot(TM) 64-Bit Server VM (10.0.1+10, mixed mode, tiered, compressed oops, g1 gc, windows-amd64)
# Problematic frame:
# C  [ig9icd64.dll+0x438bf5]
#
# No core dump will be written. Minidumps are not enabled by default on client versions of Windows
#
# If you would like to submit a bug report, please visit:
#   http://bugreport.java.com/bugreport/crash.jsp
# The crash happened outside the Java Virtual Machine in native code.
# See problematic frame for where to report the bug.
#

---------------  S U M M A R Y ------------

Command Line: -Dfile.encoding=Cp1252 com.dezzy.skorp3.main.Main

Host: Intel(R) Core(TM) i7-6500U CPU @ 2.50GHz, 4 cores, 11G,  Windows 10 , 64 bit Build 17134 (10.0.17134.648)
Time: Sat Mar 23 14:53:52 2019 Eastern Daylight Time elapsed time: 1 seconds (0d 0h 0m 1s)

---------------  T H R E A D  ---------------

Current thread (0x000001b077db8800):  JavaThread "Thread-0" [_thread_in_native, id=15920, stack(0x000000378f000000,0x000000378f100000)]

Stack: [0x000000378f000000,0x000000378f100000],  sp=0x000000378f0fece0,  free space=1019k
Native frames: (J=compiled Java code, j=interpreted, Vv=VM code, C=native code)
C  [ig9icd64.dll+0x438bf5]

Java frames: (J=compiled Java code, j=interpreted, Vv=VM code)
J 980  org.lwjgl.opengl.GL11C.glClear(I)V (0 bytes) @ 0x000001b066740e01 [0x000001b066740dc0+0x0000000000000041]
J 986 c2 org.lwjgl.opengl.GL11.glClear(I)V (5 bytes) @ 0x000001b066741e34 [0x000001b066741e20+0x0000000000000014]
j  com.dezzy.skorp3.test.graphics.WindowTest.loop()V+201
j  com.dezzy.skorp3.test.graphics.WindowTest.run()V+10
j  java.lang.Thread.run()V+11 java.base@10.0.1
v  ~StubRoutines::call_stub

siginfo: EXCEPTION_ACCESS_VIOLATION (0xc0000005), writing address 0x000001b079e30000


Register to memory mapping:

RIP=0x00007ffcc50a8bf5 ig9icd64.dll
RAX=0x000001b079df0000 is an unknown value
RBX=0x000000378f0ff3c0 is pointing into the stack for thread: 0x000001b077db8800
RCX=0x0000000000040000 is an unknown value
RDX=0x00000000680b0001 is an unknown value
RSP=0x000000378f0fece0 is pointing into the stack for thread: 0x000001b077db8800
RBP=0x000000378f0fede0 is pointing into the stack for thread: 0x000001b077db8800
RSI=0x000001b0785f6580 is an unknown value
RDI=0x000001b0785f6580 is an unknown value
R8 =0x000001b078626ad0 is an unknown value
R9 =0x000000000000012c is an unknown value
R10=0x000000000000012c is an unknown value
R11=0x0000000000000001 is an unknown value
R12=0x0000000000004100 is an unknown value
R13=0x000000378f0ff4f0 is pointing into the stack for thread: 0x000001b077db8800
R14=0x000000000000012c is an unknown value
R15=0x0000000000000000 is an unknown value


Registers:
RAX=0x000001b079df0000, RBX=0x000000378f0ff3c0, RCX=0x0000000000040000, RDX=0x00000000680b0001
RSP=0x000000378f0fece0, RBP=0x000000378f0fede0, RSI=0x000001b0785f6580, RDI=0x000001b0785f6580
R8 =0x000001b078626ad0, R9 =0x000000000000012c, R10=0x000000000000012c, R11=0x0000000000000001
R12=0x0000000000004100, R13=0x000000378f0ff4f0, R14=0x000000000000012c, R15=0x0000000000000000
RIP=0x00007ffcc50a8bf5, EFLAGS=0x0000000000010202

Top of Stack: (sp=0x000000378f0fece0)
0x000000378f0fece0:   000001b0785f6150 0000000052435957
0x000000378f0fecf0:   000000378f0fed78 000001b07848d8b0
0x000000378f0fed00:   0000000000000001 0000000000000001
0x000000378f0fed10:   0000000000000001 0000000052435957
0x000000378f0fed20:   0000000000000001 0000000000000001
0x000000378f0fed30:   0000000000000000 0000000000000700
0x000000378f0fed40:   3f80000000000000 0000000000000000
0x000000378f0fed50:   0000000000000000 000000378f000700
0x000000378f0fed60:   0000000000000001 0000000000000000
0x000000378f0fed70:   0000012c0000012c 000000378f0fed68
0x000000378f0fed80:   000000378f0fed40 0000000000000000
0x000000378f0fed90:   0000000000000000 0000000000000000
0x000000378f0feda0:   0000000000000000 0000000000000000
0x000000378f0fedb0:   0000000000000000 0000000000000000
0x000000378f0fedc0:   0000000000000000 0000000000000000
0x000000378f0fedd0:   0000000000000000 0000000000000000 

Instructions: (pc=0x00007ffcc50a8bf5)
0x00007ffcc50a8bd5:   29 44 24 60 e8 32 5f ff ff 4c 8b 86 68 05 03 00
0x00007ffcc50a8be5:   8b 15 e5 0e 9b 00 83 ca 01 41 8b 48 10 49 8b 00
0x00007ffcc50a8bf5:   89 14 01 41 83 40 10 04 48 81 c4 70 06 00 00 5e
0x00007ffcc50a8c05:   5b 5d c3 cc cc cc cc cc cc cc cc 48 8b c4 44 89 



---------------  P R O C E S S  ---------------

Threads class SMR info:
_java_thread_list=0x000001b077d55640, length=12, elements={
0x000001b0538ab800, 0x000001b077b05800, 0x000001b077b08000, 0x000001b077b00800,
0x000001b077b02800, 0x000001b077b15800, 0x000001b077b1b800, 0x000001b077b2c000,
0x000001b077b92800, 0x000001b077d38800, 0x000001b077d3f000, 0x000001b077db8800
}

Java Threads: ( => current thread )
  0x000001b0538ab800 JavaThread "main" [_thread_in_Java, id=19960, stack(0x000000378d800000,0x000000378d900000)]
  0x000001b077b05800 JavaThread "Reference Handler" daemon [_thread_blocked, id=7732, stack(0x000000378e500000,0x000000378e600000)]
  0x000001b077b08000 JavaThread "Finalizer" daemon [_thread_blocked, id=20052, stack(0x000000378e600000,0x000000378e700000)]
  0x000001b077b00800 JavaThread "Signal Dispatcher" daemon [_thread_blocked, id=2068, stack(0x000000378e700000,0x000000378e800000)]
  0x000001b077b02800 JavaThread "Attach Listener" daemon [_thread_blocked, id=5704, stack(0x000000378e800000,0x000000378e900000)]
  0x000001b077b15800 JavaThread "C2 CompilerThread0" daemon [_thread_blocked, id=6652, stack(0x000000378e900000,0x000000378ea00000)]
  0x000001b077b1b800 JavaThread "C2 CompilerThread1" daemon [_thread_blocked, id=3364, stack(0x000000378ea00000,0x000000378eb00000)]
  0x000001b077b2c000 JavaThread "C1 CompilerThread2" daemon [_thread_blocked, id=1520, stack(0x000000378eb00000,0x000000378ec00000)]
  0x000001b077b92800 JavaThread "Sweeper thread" daemon [_thread_blocked, id=10220, stack(0x000000378ec00000,0x000000378ed00000)]
  0x000001b077d38800 JavaThread "Service Thread" daemon [_thread_blocked, id=5860, stack(0x000000378ed00000,0x000000378ee00000)]
  0x000001b077d3f000 JavaThread "Common-Cleaner" daemon [_thread_blocked, id=21080, stack(0x000000378ee00000,0x000000378ef00000)]
=>0x000001b077db8800 JavaThread "Thread-0" [_thread_in_native, id=15920, stack(0x000000378f000000,0x000000378f100000)]

Other Threads:
  0x000001b07729e800 VMThread "VM Thread" [stack: 0x000000378e400000,0x000000378e500000] [id=24140]
  0x000001b077d40000 WatcherThread [stack: 0x000000378ef00000,0x000000378f000000] [id=16032]
  0x000001b0538c4800 GCTaskThread "GC Thread#0" [stack: 0x000000378d900000,0x000000378da00000] [id=21092]
  0x000001b0538c6800 GCTaskThread "GC Thread#1" [stack: 0x000000378da00000,0x000000378db00000] [id=16332]
  0x000001b0538c8800 GCTaskThread "GC Thread#2" [stack: 0x000000378db00000,0x000000378dc00000] [id=22056]
  0x000001b0538cb000 GCTaskThread "GC Thread#3" [stack: 0x000000378dc00000,0x000000378dd00000] [id=5432]
  0x000001b05396f800 ConcurrentGCThread "G1 Main Marker" [stack: 0x000000378dd00000,0x000000378de00000] [id=21368]
  0x000001b053973000 ConcurrentGCThread "G1 Conc#0" [stack: 0x000000378de00000,0x000000378df00000] [id=24956]
  0x000001b077154800 ConcurrentGCThread "G1 Refine#0" [stack: 0x000000378df00000,0x000000378e000000] [id=19236]
  0x000001b077156000 ConcurrentGCThread "G1 Refine#1" [stack: 0x000000378e000000,0x000000378e100000] [id=21144]
  0x000001b077157800 ConcurrentGCThread "G1 Refine#2" [stack: 0x000000378e100000,0x000000378e200000] [id=20716]
  0x000001b077159000 ConcurrentGCThread "G1 Refine#3" [stack: 0x000000378e200000,0x000000378e300000] [id=16380]
  0x000001b077164800 ConcurrentGCThread "G1 Young RemSet Sampling" [stack: 0x000000378e300000,0x000000378e400000] [id=19264]

Threads with active compile tasks:

VM state:not at safepoint (normal execution)

VM Mutex/Monitor currently owned by a thread: None

Heap address: 0x0000000701a00000, size: 3046 MB, Compressed Oops mode: Zero based, Oop shift amount: 3
Narrow klass base: 0x0000000000000000, Narrow klass shift: 3
Compressed class space size: 1073741824 Address: 0x00000007c0000000

Heap:
 garbage-first heap   total 196608K, used 9534K [0x0000000701a00000, 0x00000007c0000000)
  region size 1024K, 9 young (9216K), 2 survivors (2048K)
 Metaspace       used 12820K, capacity 12948K, committed 13312K, reserved 1060864K
  class space    used 890K, capacity 964K, committed 1024K, reserved 1048576K
Heap Regions: E=young(eden), S=young(survivor), O=old, HS=humongous(starts), HC=humongous(continues), CS=collection set, F=free, A=archive, TS=gc time stamp, AC=allocation context, TAMS=top-at-mark-start (previous, next)
|   0|0x0000000701a00000, 0x0000000701b00000, 0x0000000701b00000|100%| O|  |TS  1|AC  0|TAMS 0x0000000701a00000, 0x0000000701a00000|
|   1|0x0000000701b00000, 0x0000000701b4f800, 0x0000000701c00000| 31%| O|  |TS  1|AC  0|TAMS 0x0000000701b00000, 0x0000000701b00000|
|   2|0x0000000701c00000, 0x0000000701c00000, 0x0000000701d00000|  0%| F|  |TS  0|AC  0|TAMS 0x0000000701c00000, 0x0000000701c00000|
|   3|0x0000000701d00000, 0x0000000701d00000, 0x0000000701e00000|  0%| F|  |TS  0|AC  0|TAMS 0x0000000701d00000, 0x0000000701d00000|
|   4|0x0000000701e00000, 0x0000000701e00000, 0x0000000701f00000|  0%| F|  |TS  0|AC  0|TAMS 0x0000000701e00000, 0x0000000701e00000|
|   5|0x0000000701f00000, 0x0000000701f00000, 0x0000000702000000|  0%| F|  |TS  0|AC  0|TAMS 0x0000000701f00000, 0x0000000701f00000|
|   6|0x0000000702000000, 0x0000000702000000, 0x0000000702100000|  0%| F|  |TS  0|AC  0|TAMS 0x0000000702000000, 0x0000000702000000|
|   7|0x0000000702100000, 0x0000000702100000, 0x0000000702200000|  0%| F|  |TS  0|AC  0|TAMS 0x0000000702100000, 0x0000000702100000|
|   8|0x0000000702200000, 0x0000000702200000, 0x0000000702300000|  0%| F|  |TS  0|AC  0|TAMS 0x0000000702200000, 0x0000000702200000|
|   9|0x0000000702300000, 0x0000000702300000, 0x0000000702400000|  0%| F|  |TS  0|AC  0|TAMS 0x0000000702300000, 0x0000000702300000|
|  10|0x0000000702400000, 0x0000000702400000, 0x0000000702500000|  0%| F|  |TS  0|AC  0|TAMS 0x0000000702400000, 0x0000000702400000|
|  11|0x0000000702500000, 0x0000000702500000, 0x0000000702600000|  0%| F|  |TS  0|AC  0|TAMS 0x0000000702500000, 0x0000000702500000|
|  12|0x0000000702600000, 0x0000000702600000, 0x0000000702700000|  0%| F|  |TS  0|AC  0|TAMS 0x0000000702600000, 0x0000000702600000|
|  13|0x0000000702700000, 0x0000000702700000, 0x0000000702800000|  0%| F|  |TS  0|AC  0|TAMS 0x0000000702700000, 0x0000000702700000|
|  14|0x0000000702800000, 0x0000000702800000, 0x0000000702900000|  0%| F|  |TS  0|AC  0|TAMS 0x0000000702800000, 0x0000000702800000|
|  15|0x0000000702900000, 0x0000000702900000, 0x0000000702a00000|  0%| F|  |TS  0|AC  0|TAMS 0x0000000702900000, 0x0000000702900000|
|  16|0x0000000702a00000, 0x0000000702a00000, 0x0000000702b00000|  0%| F|  |TS  0|AC  0|TAMS 0x0000000702a00000, 0x0000000702a00000|
|  17|0x0000000702b00000, 0x0000000702b00000, 0x0000000702c00000|  0%| F|  |TS  0|AC  0|TAMS 0x0000000702b00000, 0x0000000702b00000|
|  18|0x0000000702c00000, 0x0000000702c00000, 0x0000000702d00000|  0%| F|  |TS  0|AC  0|TAMS 0x0000000702c00000, 0x0000000702c00000|
|  19|0x0000000702d00000, 0x0000000702d00000, 0x0000000702e00000|  0%| F|  |TS  0|AC  0|TAMS 0x0000000702d00000, 0x0000000702d00000|
|  20|0x0000000702e00000, 0x0000000702e00000, 0x0000000702f00000|  0%| F|  |TS  0|AC  0|TAMS 0x0000000702e00000, 0x0000000702e00000|
|  21|0x0000000702f00000, 0x0000000702f00000, 0x0000000703000000|  0%| F|  |TS  0|AC  0|TAMS 0x0000000702f00000, 0x0000000702f00000|
|  22|0x0000000703000000, 0x0000000703000000, 0x0000000703100000|  0%| F|  |TS  0|AC  0|TAMS 0x0000000703000000, 0x0000000703000000|
|  23|0x0000000703100000, 0x0000000703100000, 0x0000000703200000|  0%| F|  |TS  0|AC  0|TAMS 0x0000000703100000, 0x0000000703100000|
|  24|0x0000000703200000, 0x0000000703200000, 0x0000000703300000|  0%| F|  |TS  0|AC  0|TAMS 0x0000000703200000, 0x0000000703200000|
|  25|0x0000000703300000, 0x0000000703300000, 0x0000000703400000|  0%| F|  |TS  0|AC  0|TAMS 0x0000000703300000, 0x0000000703300000|
|  26|0x0000000703400000, 0x0000000703400000, 0x0000000703500000|  0%| F|  |TS  0|AC  0|TAMS 0x0000000703400000, 0x0000000703400000|
|  27|0x0000000703500000, 0x0000000703500000, 0x0000000703600000|  0%| F|  |TS  0|AC  0|TAMS 0x0000000703500000, 0x0000000703500000|
|  28|0x0000000703600000, 0x0000000703600000, 0x0000000703700000|  0%| F|  |TS  0|AC  0|TAMS 0x0000000703600000, 0x0000000703600000|
|  29|0x0000000703700000, 0x0000000703700000, 0x0000000703800000|  0%| F|  |TS  0|AC  0|TAMS 0x0000000703700000, 0x0000000703700000|
|  30|0x0000000703800000, 0x0000000703800000, 0x0000000703900000|  0%| F|  |TS  0|AC  0|TAMS 0x0000000703800000, 0x0000000703800000|
|  31|0x0000000703900000, 0x0000000703900000, 0x0000000703a00000|  0%| F|  |TS  0|AC  0|TAMS 0x0000000703900000, 0x0000000703900000|
|  32|0x0000000703a00000, 0x0000000703a00000, 0x0000000703b00000|  0%| F|  |TS  0|AC  0|TAMS 0x0000000703a00000, 0x0000000703a00000|
|  33|0x0000000703b00000, 0x0000000703b00000, 0x0000000703c00000|  0%| F|  |TS  0|AC  0|TAMS 0x0000000703b00000, 0x0000000703b00000|
|  34|0x0000000703c00000, 0x0000000703c00000, 0x0000000703d00000|  0%| F|  |TS  0|AC  0|TAMS 0x0000000703c00000, 0x0000000703c00000|
|  35|0x0000000703d00000, 0x0000000703d00000, 0x0000000703e00000|  0%| F|  |TS  0|AC  0|TAMS 0x0000000703d00000, 0x0000000703d00000|
|  36|0x0000000703e00000, 0x0000000703e00000, 0x0000000703f00000|  0%| F|  |TS  0|AC  0|TAMS 0x0000000703e00000, 0x0000000703e00000|
|  37|0x0000000703f00000, 0x0000000703f00000, 0x0000000704000000|  0%| F|  |TS  0|AC  0|TAMS 0x0000000703f00000, 0x0000000703f00000|
|  38|0x0000000704000000, 0x0000000704000000, 0x0000000704100000|  0%| F|  |TS  0|AC  0|TAMS 0x0000000704000000, 0x0000000704000000|
|  39|0x0000000704100000, 0x0000000704100000, 0x0000000704200000|  0%| F|  |TS  0|AC  0|TAMS 0x0000000704100000, 0x0000000704100000|
|  40|0x0000000704200000, 0x0000000704200000, 0x0000000704300000|  0%| F|  |TS  0|AC  0|TAMS 0x0000000704200000, 0x0000000704200000|
|  41|0x0000000704300000, 0x0000000704300000, 0x0000000704400000|  0%| F|  |TS  0|AC  0|TAMS 0x0000000704300000, 0x0000000704300000|
|  42|0x0000000704400000, 0x0000000704400000, 0x0000000704500000|  0%| F|  |TS  0|AC  0|TAMS 0x0000000704400000, 0x0000000704400000|
|  43|0x0000000704500000, 0x0000000704500000, 0x0000000704600000|  0%| F|  |TS  0|AC  0|TAMS 0x0000000704500000, 0x0000000704500000|
|  44|0x0000000704600000, 0x0000000704600000, 0x0000000704700000|  0%| F|  |TS  0|AC  0|TAMS 0x0000000704600000, 0x0000000704600000|
|  45|0x0000000704700000, 0x0000000704700000, 0x0000000704800000|  0%| F|  |TS  0|AC  0|TAMS 0x0000000704700000, 0x0000000704700000|
|  46|0x0000000704800000, 0x0000000704800000, 0x0000000704900000|  0%| F|  |TS  0|AC  0|TAMS 0x0000000704800000, 0x0000000704800000|
|  47|0x0000000704900000, 0x0000000704900000, 0x0000000704a00000|  0%| F|  |TS  0|AC  0|TAMS 0x0000000704900000, 0x0000000704900000|
|  48|0x0000000704a00000, 0x0000000704a00000, 0x0000000704b00000|  0%| F|  |TS  0|AC  0|TAMS 0x0000000704a00000, 0x0000000704a00000|
|  49|0x0000000704b00000, 0x0000000704b00000, 0x0000000704c00000|  0%| F|  |TS  0|AC  0|TAMS 0x0000000704b00000, 0x0000000704b00000|
|  50|0x0000000704c00000, 0x0000000704c00000, 0x0000000704d00000|  0%| F|  |TS  0|AC  0|TAMS 0x0000000704c00000, 0x0000000704c00000|
|  51|0x0000000704d00000, 0x0000000704d00000, 0x0000000704e00000|  0%| F|  |TS  0|AC  0|TAMS 0x0000000704d00000, 0x0000000704d00000|
|  52|0x0000000704e00000, 0x0000000704e00000, 0x0000000704f00000|  0%| F|  |TS  0|AC  0|TAMS 0x0000000704e00000, 0x0000000704e00000|
|  53|0x0000000704f00000, 0x0000000704f00000, 0x0000000705000000|  0%| F|  |TS  0|AC  0|TAMS 0x0000000704f00000, 0x0000000704f00000|
|  54|0x0000000705000000, 0x0000000705000000, 0x0000000705100000|  0%| F|  |TS  0|AC  0|TAMS 0x0000000705000000, 0x0000000705000000|
|  55|0x0000000705100000, 0x0000000705100000, 0x0000000705200000|  0%| F|  |TS  0|AC  0|TAMS 0x0000000705100000, 0x0000000705100000|
|  56|0x0000000705200000, 0x0000000705200000, 0x0000000705300000|  0%| F|  |TS  0|AC  0|TAMS 0x0000000705200000, 0x0000000705200000|
|  57|0x0000000705300000, 0x0000000705300000, 0x0000000705400000|  0%| F|  |TS  0|AC  0|TAMS 0x0000000705300000, 0x0000000705300000|
|  58|0x0000000705400000, 0x0000000705400000, 0x0000000705500000|  0%| F|  |TS  0|AC  0|TAMS 0x0000000705400000, 0x0000000705400000|
|  59|0x0000000705500000, 0x0000000705500000, 0x0000000705600000|  0%| F|  |TS  0|AC  0|TAMS 0x0000000705500000, 0x0000000705500000|
|  60|0x0000000705600000, 0x0000000705600000, 0x0000000705700000|  0%| F|  |TS  0|AC  0|TAMS 0x0000000705600000, 0x0000000705600000|
|  61|0x0000000705700000, 0x0000000705700000, 0x0000000705800000|  0%| F|  |TS  0|AC  0|TAMS 0x0000000705700000, 0x0000000705700000|
|  62|0x0000000705800000, 0x0000000705800000, 0x0000000705900000|  0%| F|  |TS  0|AC  0|TAMS 0x0000000705800000, 0x0000000705800000|
|  63|0x0000000705900000, 0x0000000705900000, 0x0000000705a00000|  0%| F|  |TS  0|AC  0|TAMS 0x0000000705900000, 0x0000000705900000|
|  64|0x0000000705a00000, 0x0000000705a00000, 0x0000000705b00000|  0%| F|  |TS  0|AC  0|TAMS 0x0000000705a00000, 0x0000000705a00000|
|  65|0x0000000705b00000, 0x0000000705b00000, 0x0000000705c00000|  0%| F|  |TS  0|AC  0|TAMS 0x0000000705b00000, 0x0000000705b00000|
|  66|0x0000000705c00000, 0x0000000705c00000, 0x0000000705d00000|  0%| F|  |TS  0|AC  0|TAMS 0x0000000705c00000, 0x0000000705c00000|
|  67|0x0000000705d00000, 0x0000000705d00000, 0x0000000705e00000|  0%| F|  |TS  0|AC  0|TAMS 0x0000000705d00000, 0x0000000705d00000|
|  68|0x0000000705e00000, 0x0000000705e00000, 0x0000000705f00000|  0%| F|  |TS  0|AC  0|TAMS 0x0000000705e00000, 0x0000000705e00000|
|  69|0x0000000705f00000, 0x0000000705f00000, 0x0000000706000000|  0%| F|  |TS  0|AC  0|TAMS 0x0000000705f00000, 0x0000000705f00000|
|  70|0x0000000706000000, 0x0000000706000000, 0x0000000706100000|  0%| F|  |TS  0|AC  0|TAMS 0x0000000706000000, 0x0000000706000000|
|  71|0x0000000706100000, 0x0000000706100000, 0x0000000706200000|  0%| F|  |TS  0|AC  0|TAMS 0x0000000706100000, 0x0000000706100000|
|  72|0x0000000706200000, 0x0000000706200000, 0x0000000706300000|  0%| F|  |TS  0|AC  0|TAMS 0x0000000706200000, 0x0000000706200000|
|  73|0x0000000706300000, 0x0000000706300000, 0x0000000706400000|  0%| F|  |TS  0|AC  0|TAMS 0x0000000706300000, 0x0000000706300000|
|  74|0x0000000706400000, 0x0000000706400000, 0x0000000706500000|  0%| F|  |TS  0|AC  0|TAMS 0x0000000706400000, 0x0000000706400000|
|  75|0x0000000706500000, 0x0000000706500000, 0x0000000706600000|  0%| F|  |TS  0|AC  0|TAMS 0x0000000706500000, 0x0000000706500000|
|  76|0x0000000706600000, 0x0000000706600000, 0x0000000706700000|  0%| F|  |TS  0|AC  0|TAMS 0x0000000706600000, 0x0000000706600000|
|  77|0x0000000706700000, 0x0000000706700000, 0x0000000706800000|  0%| F|  |TS  0|AC  0|TAMS 0x0000000706700000, 0x0000000706700000|
|  78|0x0000000706800000, 0x0000000706800000, 0x0000000706900000|  0%| F|  |TS  0|AC  0|TAMS 0x0000000706800000, 0x0000000706800000|
|  79|0x0000000706900000, 0x0000000706900000, 0x0000000706a00000|  0%| F|  |TS  0|AC  0|TAMS 0x0000000706900000, 0x0000000706900000|
|  80|0x0000000706a00000, 0x0000000706a00000, 0x0000000706b00000|  0%| F|  |TS  0|AC  0|TAMS 0x0000000706a00000, 0x0000000706a00000|
|  81|0x0000000706b00000, 0x0000000706b00000, 0x0000000706c00000|  0%| F|  |TS  0|AC  0|TAMS 0x0000000706b00000, 0x0000000706b00000|
|  82|0x0000000706c00000, 0x0000000706c00000, 0x0000000706d00000|  0%| F|  |TS  0|AC  0|TAMS 0x0000000706c00000, 0x0000000706c00000|
|  83|0x0000000706d00000, 0x0000000706d00000, 0x0000000706e00000|  0%| F|  |TS  0|AC  0|TAMS 0x0000000706d00000, 0x0000000706d00000|
|  84|0x0000000706e00000, 0x0000000706e00000, 0x0000000706f00000|  0%| F|  |TS  0|AC  0|TAMS 0x0000000706e00000, 0x0000000706e00000|
|  85|0x0000000706f00000, 0x0000000706f00000, 0x0000000707000000|  0%| F|  |TS  0|AC  0|TAMS 0x0000000706f00000, 0x0000000706f00000|
|  86|0x0000000707000000, 0x0000000707000000, 0x0000000707100000|  0%| F|  |TS  0|AC  0|TAMS 0x0000000707000000, 0x0000000707000000|
|  87|0x0000000707100000, 0x0000000707100000, 0x0000000707200000|  0%| F|  |TS  0|AC  0|TAMS 0x0000000707100000, 0x0000000707100000|
|  88|0x0000000707200000, 0x0000000707200000, 0x0000000707300000|  0%| F|  |TS  0|AC  0|TAMS 0x0000000707200000, 0x0000000707200000|
|  89|0x0000000707300000, 0x0000000707300000, 0x0000000707400000|  0%| F|  |TS  0|AC  0|TAMS 0x0000000707300000, 0x0000000707300000|
|  90|0x0000000707400000, 0x0000000707400000, 0x0000000707500000|  0%| F|  |TS  0|AC  0|TAMS 0x0000000707400000, 0x0000000707400000|
|  91|0x0000000707500000, 0x0000000707500000, 0x0000000707600000|  0%| F|  |TS  0|AC  0|TAMS 0x0000000707500000, 0x0000000707500000|
|  92|0x0000000707600000, 0x0000000707600000, 0x0000000707700000|  0%| F|  |TS  0|AC  0|TAMS 0x0000000707600000, 0x0000000707600000|
|  93|0x0000000707700000, 0x0000000707700000, 0x0000000707800000|  0%| F|  |TS  0|AC  0|TAMS 0x0000000707700000, 0x0000000707700000|
|  94|0x0000000707800000, 0x0000000707800000, 0x0000000707900000|  0%| F|  |TS  0|AC  0|TAMS 0x0000000707800000, 0x0000000707800000|
|  95|0x0000000707900000, 0x0000000707900000, 0x0000000707a00000|  0%| F|  |TS  0|AC  0|TAMS 0x0000000707900000, 0x0000000707900000|
|  96|0x0000000707a00000, 0x0000000707a00000, 0x0000000707b00000|  0%| F|  |TS  0|AC  0|TAMS 0x0000000707a00000, 0x0000000707a00000|
|  97|0x0000000707b00000, 0x0000000707b00000, 0x0000000707c00000|  0%| F|  |TS  0|AC  0|TAMS 0x0000000707b00000, 0x0000000707b00000|
|  98|0x0000000707c00000, 0x0000000707c00000, 0x0000000707d00000|  0%| F|  |TS  0|AC  0|TAMS 0x0000000707c00000, 0x0000000707c00000|
|  99|0x0000000707d00000, 0x0000000707d00000, 0x0000000707e00000|  0%| F|  |TS  0|AC  0|TAMS 0x0000000707d00000, 0x0000000707d00000|
| 100|0x0000000707e00000, 0x0000000707e00000, 0x0000000707f00000|  0%| F|  |TS  0|AC  0|TAMS 0x0000000707e00000, 0x0000000707e00000|
| 101|0x0000000707f00000, 0x0000000707f00000, 0x0000000708000000|  0%| F|  |TS  0|AC  0|TAMS 0x0000000707f00000, 0x0000000707f00000|
| 102|0x0000000708000000, 0x0000000708000000, 0x0000000708100000|  0%| F|  |TS  0|AC  0|TAMS 0x0000000708000000, 0x0000000708000000|
| 103|0x0000000708100000, 0x0000000708100000, 0x0000000708200000|  0%| F|  |TS  0|AC  0|TAMS 0x0000000708100000, 0x0000000708100000|
| 104|0x0000000708200000, 0x0000000708200000, 0x0000000708300000|  0%| F|  |TS  0|AC  0|TAMS 0x0000000708200000, 0x0000000708200000|
| 105|0x0000000708300000, 0x0000000708300000, 0x0000000708400000|  0%| F|  |TS  0|AC  0|TAMS 0x0000000708300000, 0x0000000708300000|
| 106|0x0000000708400000, 0x0000000708400000, 0x0000000708500000|  0%| F|  |TS  0|AC  0|TAMS 0x0000000708400000, 0x0000000708400000|
| 107|0x0000000708500000, 0x0000000708500000, 0x0000000708600000|  0%| F|  |TS  0|AC  0|TAMS 0x0000000708500000, 0x0000000708500000|
| 108|0x0000000708600000, 0x0000000708600000, 0x0000000708700000|  0%| F|  |TS  0|AC  0|TAMS 0x0000000708600000, 0x0000000708600000|
| 109|0x0000000708700000, 0x0000000708700000, 0x0000000708800000|  0%| F|  |TS  0|AC  0|TAMS 0x0000000708700000, 0x0000000708700000|
| 110|0x0000000708800000, 0x0000000708800000, 0x0000000708900000|  0%| F|  |TS  0|AC  0|TAMS 0x0000000708800000, 0x0000000708800000|
| 111|0x0000000708900000, 0x0000000708900000, 0x0000000708a00000|  0%| F|  |TS  0|AC  0|TAMS 0x0000000708900000, 0x0000000708900000|
| 112|0x0000000708a00000, 0x0000000708a00000, 0x0000000708b00000|  0%| F|  |TS  0|AC  0|TAMS 0x0000000708a00000, 0x0000000708a00000|
| 113|0x0000000708b00000, 0x0000000708b00000, 0x0000000708c00000|  0%| F|  |TS  0|AC  0|TAMS 0x0000000708b00000, 0x0000000708b00000|
| 114|0x0000000708c00000, 0x0000000708c00000, 0x0000000708d00000|  0%| F|  |TS  0|AC  0|TAMS 0x0000000708c00000, 0x0000000708c00000|
| 115|0x0000000708d00000, 0x0000000708d00000, 0x0000000708e00000|  0%| F|  |TS  0|AC  0|TAMS 0x0000000708d00000, 0x0000000708d00000|
| 116|0x0000000708e00000, 0x0000000708e00000, 0x0000000708f00000|  0%| F|  |TS  0|AC  0|TAMS 0x0000000708e00000, 0x0000000708e00000|
| 117|0x0000000708f00000, 0x0000000708f00000, 0x0000000709000000|  0%| F|  |TS  0|AC  0|TAMS 0x0000000708f00000, 0x0000000708f00000|
| 118|0x0000000709000000, 0x0000000709000000, 0x0000000709100000|  0%| F|  |TS  0|AC  0|TAMS 0x0000000709000000, 0x0000000709000000|
| 119|0x0000000709100000, 0x0000000709100000, 0x0000000709200000|  0%| F|  |TS  0|AC  0|TAMS 0x0000000709100000, 0x0000000709100000|
| 120|0x0000000709200000, 0x0000000709200000, 0x0000000709300000|  0%| F|  |TS  0|AC  0|TAMS 0x0000000709200000, 0x0000000709200000|
| 121|0x0000000709300000, 0x0000000709300000, 0x0000000709400000|  0%| F|  |TS  0|AC  0|TAMS 0x0000000709300000, 0x0000000709300000|
| 122|0x0000000709400000, 0x0000000709400000, 0x0000000709500000|  0%| F|  |TS  0|AC  0|TAMS 0x0000000709400000, 0x0000000709400000|
| 123|0x0000000709500000, 0x0000000709500000, 0x0000000709600000|  0%| F|  |TS  0|AC  0|TAMS 0x0000000709500000, 0x0000000709500000|
| 124|0x0000000709600000, 0x0000000709600000, 0x0000000709700000|  0%| F|  |TS  0|AC  0|TAMS 0x0000000709600000, 0x0000000709600000|
| 125|0x0000000709700000, 0x0000000709700000, 0x0000000709800000|  0%| F|  |TS  0|AC  0|TAMS 0x0000000709700000, 0x0000000709700000|
| 126|0x0000000709800000, 0x0000000709800000, 0x0000000709900000|  0%| F|  |TS  0|AC  0|TAMS 0x0000000709800000, 0x0000000709800000|
| 127|0x0000000709900000, 0x0000000709900000, 0x0000000709a00000|  0%| F|  |TS  0|AC  0|TAMS 0x0000000709900000, 0x0000000709900000|
| 128|0x0000000709a00000, 0x0000000709a00000, 0x0000000709b00000|  0%| F|  |TS  0|AC  0|TAMS 0x0000000709a00000, 0x0000000709a00000|
| 129|0x0000000709b00000, 0x0000000709b00000, 0x0000000709c00000|  0%| F|  |TS  0|AC  0|TAMS 0x0000000709b00000, 0x0000000709b00000|
| 130|0x0000000709c00000, 0x0000000709c00000, 0x0000000709d00000|  0%| F|  |TS  0|AC  0|TAMS 0x0000000709c00000, 0x0000000709c00000|
| 131|0x0000000709d00000, 0x0000000709d00000, 0x0000000709e00000|  0%| F|  |TS  0|AC  0|TAMS 0x0000000709d00000, 0x0000000709d00000|
| 132|0x0000000709e00000, 0x0000000709e00000, 0x0000000709f00000|  0%| F|  |TS  0|AC  0|TAMS 0x0000000709e00000, 0x0000000709e00000|
| 133|0x0000000709f00000, 0x0000000709f00000, 0x000000070a000000|  0%| F|  |TS  0|AC  0|TAMS 0x0000000709f00000, 0x0000000709f00000|
| 134|0x000000070a000000, 0x000000070a000000, 0x000000070a100000|  0%| F|  |TS  0|AC  0|TAMS 0x000000070a000000, 0x000000070a000000|
| 135|0x000000070a100000, 0x000000070a100000, 0x000000070a200000|  0%| F|  |TS  0|AC  0|TAMS 0x000000070a100000, 0x000000070a100000|
| 136|0x000000070a200000, 0x000000070a200000, 0x000000070a300000|  0%| F|  |TS  0|AC  0|TAMS 0x000000070a200000, 0x000000070a200000|
| 137|0x000000070a300000, 0x000000070a300000, 0x000000070a400000|  0%| F|  |TS  0|AC  0|TAMS 0x000000070a300000, 0x000000070a300000|
| 138|0x000000070a400000, 0x000000070a400000, 0x000000070a500000|  0%| F|  |TS  0|AC  0|TAMS 0x000000070a400000, 0x000000070a400000|
| 139|0x000000070a500000, 0x000000070a500000, 0x000000070a600000|  0%| F|  |TS  0|AC  0|TAMS 0x000000070a500000, 0x000000070a500000|
| 140|0x000000070a600000, 0x000000070a600000, 0x000000070a700000|  0%| F|  |TS  0|AC  0|TAMS 0x000000070a600000, 0x000000070a600000|
| 141|0x000000070a700000, 0x000000070a700000, 0x000000070a800000|  0%| F|  |TS  0|AC  0|TAMS 0x000000070a700000, 0x000000070a700000|
| 142|0x000000070a800000, 0x000000070a800000, 0x000000070a900000|  0%| F|  |TS  0|AC  0|TAMS 0x000000070a800000, 0x000000070a800000|
| 143|0x000000070a900000, 0x000000070a900000, 0x000000070aa00000|  0%| F|  |TS  0|AC  0|TAMS 0x000000070a900000, 0x000000070a900000|
| 144|0x000000070aa00000, 0x000000070aa00000, 0x000000070ab00000|  0%| F|  |TS  0|AC  0|TAMS 0x000000070aa00000, 0x000000070aa00000|
| 145|0x000000070ab00000, 0x000000070ab00000, 0x000000070ac00000|  0%| F|  |TS  0|AC  0|TAMS 0x000000070ab00000, 0x000000070ab00000|
| 146|0x000000070ac00000, 0x000000070ac00000, 0x000000070ad00000|  0%| F|  |TS  0|AC  0|TAMS 0x000000070ac00000, 0x000000070ac00000|
| 147|0x000000070ad00000, 0x000000070ad00000, 0x000000070ae00000|  0%| F|  |TS  0|AC  0|TAMS 0x000000070ad00000, 0x000000070ad00000|
| 148|0x000000070ae00000, 0x000000070ae00000, 0x000000070af00000|  0%| F|  |TS  0|AC  0|TAMS 0x000000070ae00000, 0x000000070ae00000|
| 149|0x000000070af00000, 0x000000070af00000, 0x000000070b000000|  0%| F|  |TS  0|AC  0|TAMS 0x000000070af00000, 0x000000070af00000|
| 150|0x000000070b000000, 0x000000070b000000, 0x000000070b100000|  0%| F|  |TS  0|AC  0|TAMS 0x000000070b000000, 0x000000070b000000|
| 151|0x000000070b100000, 0x000000070b100000, 0x000000070b200000|  0%| F|  |TS  0|AC  0|TAMS 0x000000070b100000, 0x000000070b100000|
| 152|0x000000070b200000, 0x000000070b200000, 0x000000070b300000|  0%| F|  |TS  0|AC  0|TAMS 0x000000070b200000, 0x000000070b200000|
| 153|0x000000070b300000, 0x000000070b300000, 0x000000070b400000|  0%| F|  |TS  0|AC  0|TAMS 0x000000070b300000, 0x000000070b300000|
| 154|0x000000070b400000, 0x000000070b400000, 0x000000070b500000|  0%| F|  |TS  0|AC  0|TAMS 0x000000070b400000, 0x000000070b400000|
| 155|0x000000070b500000, 0x000000070b500000, 0x000000070b600000|  0%| F|  |TS  0|AC  0|TAMS 0x000000070b500000, 0x000000070b500000|
| 156|0x000000070b600000, 0x000000070b600000, 0x000000070b700000|  0%| F|  |TS  0|AC  0|TAMS 0x000000070b600000, 0x000000070b600000|
| 157|0x000000070b700000, 0x000000070b700000, 0x000000070b800000|  0%| F|  |TS  0|AC  0|TAMS 0x000000070b700000, 0x000000070b700000|
| 158|0x000000070b800000, 0x000000070b800000, 0x000000070b900000|  0%| F|  |TS  0|AC  0|TAMS 0x000000070b800000, 0x000000070b800000|
| 159|0x000000070b900000, 0x000000070b900000, 0x000000070ba00000|  0%| F|  |TS  0|AC  0|TAMS 0x000000070b900000, 0x000000070b900000|
| 160|0x000000070ba00000, 0x000000070ba00000, 0x000000070bb00000|  0%| F|  |TS  0|AC  0|TAMS 0x000000070ba00000, 0x000000070ba00000|
| 161|0x000000070bb00000, 0x000000070bb00000, 0x000000070bc00000|  0%| F|  |TS  0|AC  0|TAMS 0x000000070bb00000, 0x000000070bb00000|
| 162|0x000000070bc00000, 0x000000070bc00000, 0x000000070bd00000|  0%| F|  |TS  0|AC  0|TAMS 0x000000070bc00000, 0x000000070bc00000|
| 163|0x000000070bd00000, 0x000000070bd00000, 0x000000070be00000|  0%| F|  |TS  0|AC  0|TAMS 0x000000070bd00000, 0x000000070bd00000|
| 164|0x000000070be00000, 0x000000070be00000, 0x000000070bf00000|  0%| F|  |TS  0|AC  0|TAMS 0x000000070be00000, 0x000000070be00000|
| 165|0x000000070bf00000, 0x000000070bf00000, 0x000000070c000000|  0%| F|  |TS  0|AC  0|TAMS 0x000000070bf00000, 0x000000070bf00000|
| 166|0x000000070c000000, 0x000000070c000000, 0x000000070c100000|  0%| F|  |TS  0|AC  0|TAMS 0x000000070c000000, 0x000000070c000000|
| 167|0x000000070c100000, 0x000000070c100000, 0x000000070c200000|  0%| F|  |TS  0|AC  0|TAMS 0x000000070c100000, 0x000000070c100000|
| 168|0x000000070c200000, 0x000000070c200000, 0x000000070c300000|  0%| F|  |TS  0|AC  0|TAMS 0x000000070c200000, 0x000000070c200000|
| 169|0x000000070c300000, 0x000000070c300000, 0x000000070c400000|  0%| F|  |TS  0|AC  0|TAMS 0x000000070c300000, 0x000000070c300000|
| 170|0x000000070c400000, 0x000000070c400000, 0x000000070c500000|  0%| F|  |TS  0|AC  0|TAMS 0x000000070c400000, 0x000000070c400000|
| 171|0x000000070c500000, 0x000000070c500000, 0x000000070c600000|  0%| F|  |TS  0|AC  0|TAMS 0x000000070c500000, 0x000000070c500000|
| 172|0x000000070c600000, 0x000000070c600000, 0x000000070c700000|  0%| F|  |TS  0|AC  0|TAMS 0x000000070c600000, 0x000000070c600000|
| 173|0x000000070c700000, 0x000000070c700000, 0x000000070c800000|  0%| F|  |TS  0|AC  0|TAMS 0x000000070c700000, 0x000000070c700000|
| 174|0x000000070c800000, 0x000000070c800000, 0x000000070c900000|  0%| F|  |TS  0|AC  0|TAMS 0x000000070c800000, 0x000000070c800000|
| 175|0x000000070c900000, 0x000000070c900000, 0x000000070ca00000|  0%| F|  |TS  0|AC  0|TAMS 0x000000070c900000, 0x000000070c900000|
| 176|0x000000070ca00000, 0x000000070cb00000, 0x000000070cb00000|100%| S|CS|TS  1|AC  0|TAMS 0x000000070ca00000, 0x000000070ca00000|
| 177|0x000000070cb00000, 0x000000070cc00000, 0x000000070cc00000|100%| S|CS|TS  1|AC  0|TAMS 0x000000070cb00000, 0x000000070cb00000|
| 178|0x000000070cc00000, 0x000000070cc00000, 0x000000070cd00000|  0%| F|  |TS  1|AC  0|TAMS 0x000000070cc00000, 0x000000070cc00000|
| 179|0x000000070cd00000, 0x000000070cd00000, 0x000000070ce00000|  0%| F|  |TS  1|AC  0|TAMS 0x000000070cd00000, 0x000000070cd00000|
| 180|0x000000070ce00000, 0x000000070ce00000, 0x000000070cf00000|  0%| F|  |TS  1|AC  0|TAMS 0x000000070ce00000, 0x000000070ce00000|
| 181|0x000000070cf00000, 0x000000070cf00000, 0x000000070d000000|  0%| F|  |TS  1|AC  0|TAMS 0x000000070cf00000, 0x000000070cf00000|
| 182|0x000000070d000000, 0x000000070d000000, 0x000000070d100000|  0%| F|  |TS  1|AC  0|TAMS 0x000000070d000000, 0x000000070d000000|
| 183|0x000000070d100000, 0x000000070d100000, 0x000000070d200000|  0%| F|  |TS  1|AC  0|TAMS 0x000000070d100000, 0x000000070d100000|
| 184|0x000000070d200000, 0x000000070d200000, 0x000000070d300000|  0%| F|  |TS  1|AC  0|TAMS 0x000000070d200000, 0x000000070d200000|
| 185|0x000000070d300000, 0x000000070d394b78, 0x000000070d400000| 58%| E|  |TS  1|AC  0|TAMS 0x000000070d300000, 0x000000070d300000|
| 186|0x000000070d400000, 0x000000070d500000, 0x000000070d500000|100%| E|CS|TS  1|AC  0|TAMS 0x000000070d400000, 0x000000070d400000|
| 187|0x000000070d500000, 0x000000070d600000, 0x000000070d600000|100%| E|CS|TS  1|AC  0|TAMS 0x000000070d500000, 0x000000070d500000|
| 188|0x000000070d600000, 0x000000070d700000, 0x000000070d700000|100%| E|CS|TS  1|AC  0|TAMS 0x000000070d600000, 0x000000070d600000|
| 189|0x000000070d700000, 0x000000070d800000, 0x000000070d800000|100%| E|CS|TS  1|AC  0|TAMS 0x000000070d700000, 0x000000070d700000|
| 190|0x000000070d800000, 0x000000070d900000, 0x000000070d900000|100%| E|CS|TS  1|AC  0|TAMS 0x000000070d800000, 0x000000070d800000|
| 191|0x000000070d900000, 0x000000070da00000, 0x000000070da00000|100%| E|CS|TS  1|AC  0|TAMS 0x000000070d900000, 0x000000070d900000|

Card table byte_map: [0x000001b06e230000,0x000001b06e830000] byte_map_base: 0x000001b06aa23000

Marking Bits (Prev, Next): (CMBitMap*) 0x000001b05396f240, (CMBitMap*) 0x000001b05396f278
 Prev Bits: [0x000001b06ee30000, 0x000001b071dc8000)
 Next Bits: [0x000001b071dd0000, 0x000001b074d68000)

Polling page: 0x000001b0516a0000

CodeHeap 'non-profiled nmethods': size=120064Kb used=327Kb max_used=327Kb free=119736Kb
 bounds [0x000001b0666f0000, 0x000001b066960000, 0x000001b06dc30000]
CodeHeap 'profiled nmethods': size=120000Kb used=1788Kb max_used=1788Kb free=118212Kb
 bounds [0x000001b05f1c0000, 0x000001b05f430000, 0x000001b0666f0000]
CodeHeap 'non-nmethods': size=5696Kb used=1435Kb max_used=1458Kb free=4260Kb
 bounds [0x000001b05ec30000, 0x000001b05eea0000, 0x000001b05f1c0000]
 total_blobs=2168 nmethods=986 adapters=851
 compilation: enabled

Compilation events (10 events):
Event: 1.455 Thread 0x000001b077b2c000  983       3       org.lwjgl.glfw.GLFW::glfwPollEvents (12 bytes)
Event: 1.455 Thread 0x000001b077b2c000 nmethod 983 0x000001b05f37eb90 code [0x000001b05f37ed60, 0x000001b05f37ef30]
Event: 1.496 Thread 0x000001b077b15800  984       4       org.lwjgl.glfw.GLFW::glfwWindowShouldClose (29 bytes)
Event: 1.496 Thread 0x000001b077b1b800  985       4       org.lwjgl.glfw.GLFW::glfwPollEvents (12 bytes)
Event: 1.496 Thread 0x000001b077b1b800 nmethod 985 0x000001b066741410 code [0x000001b0667415a0, 0x000001b066741608]
Event: 1.497 Thread 0x000001b077b15800 nmethod 984 0x000001b066741690 code [0x000001b066741840, 0x000001b0667418e8]
Event: 1.503 Thread 0x000001b077b1b800  987       4       org.lwjgl.opengl.GL20::glUseProgram (5 bytes)
Event: 1.503 Thread 0x000001b077b15800  986       4       org.lwjgl.opengl.GL11::glClear (5 bytes)
Event: 1.503 Thread 0x000001b077b1b800 nmethod 987 0x000001b066741a10 code [0x000001b066741ba0, 0x000001b066741c08]
Event: 1.503 Thread 0x000001b077b15800 nmethod 986 0x000001b066741c90 code [0x000001b066741e20, 0x000001b066741e88]

GC Heap History (2 events):
Event: 1.190 GC heap before
{Heap before GC invocations=0 (full 0):
 garbage-first heap   total 196608K, used 14336K [0x0000000701a00000, 0x00000007c0000000)
  region size 1024K, 14 young (14336K), 0 survivors (0K)
 Metaspace       used 11080K, capacity 11259K, committed 11392K, reserved 1060864K
  class space    used 819K, capacity 890K, committed 896K, reserved 1048576K
}
Event: 1.198 GC heap after
{Heap after GC invocations=1 (full 0):
 garbage-first heap   total 196608K, used 3390K [0x0000000701a00000, 0x00000007c0000000)
  region size 1024K, 2 young (2048K), 2 survivors (2048K)
 Metaspace       used 11080K, capacity 11259K, committed 11392K, reserved 1060864K
  class space    used 819K, capacity 890K, committed 896K, reserved 1048576K
}

Deoptimization events (3 events):
Event: 0.164 Thread 0x000001b0538ab800 Uncommon trap: reason=unstable_if action=reinterpret pc=0x000001b0666f456c method=java.lang.String.hashCode()I @ 14 c2
Event: 0.174 Thread 0x000001b0538ab800 Uncommon trap: reason=unstable_if action=reinterpret pc=0x000001b0666f2210 method=java.lang.String.isLatin1()Z @ 10 c2
Event: 1.206 Thread 0x000001b077db8800 Uncommon trap: reason=unstable_if action=reinterpret pc=0x000001b066705d8c method=java.lang.ref.SoftReference.get()Ljava/lang/Object; @ 17 c2

Classes redefined (0 events):
No events

Internal exceptions (10 events):
Event: 0.372 Thread 0x000001b077db8800 Exception <a 'java/lang/NoSuchMethodError'{0x000000070d57ad80}: method resolution failed> (0x000000070d57ad80) thrown at [t:/workspace/open/src/hotspot/share/prims/methodHandles.cpp, line 1226]
Event: 0.372 Thread 0x000001b077db8800 Exception <a 'java/lang/NoSuchMethodError'{0x000000070d57e980}: method resolution failed> (0x000000070d57e980) thrown at [t:/workspace/open/src/hotspot/share/prims/methodHandles.cpp, line 1226]
Event: 0.372 Thread 0x000001b077db8800 Exception <a 'java/lang/NoSuchMethodError'{0x000000070d581f80}: java.lang.invoke.DelegatingMethodHandle$Holder.delegate(Ljava/lang/Object;Ljava/lang/Object;ILjava/lang/Object;)V> (0x000000070d581f80) thrown at [t:/workspace/open/src/hotspot/share/interpre
Event: 0.373 Thread 0x000001b077db8800 Exception <a 'java/lang/NoSuchMethodError'{0x000000070d585970}: java.lang.invoke.DirectMethodHandle$Holder.invokeSpecial(Ljava/lang/Object;Ljava/lang/Object;Ljava/lang/Object;)I> (0x000000070d585970) thrown at [t:/workspace/open/src/hotspot/share/interpre
Event: 0.374 Thread 0x000001b077db8800 Exception <a 'java/lang/NoSuchMethodError'{0x000000070d58c4a8}: java.lang.invoke.DirectMethodHandle$Holder.invokeStaticInit(Ljava/lang/Object;Ljava/lang/Object;Ljava/lang/Object;)Ljava/lang/Object;> (0x000000070d58c4a8) thrown at [t:/workspace/open/src/ho
Event: 0.955 Thread 0x000001b077db8800 Exception <a 'java/lang/NoSuchMethodError'{0x000000070d0413a0}: method resolution failed> (0x000000070d0413a0) thrown at [t:/workspace/open/src/hotspot/share/prims/methodHandles.cpp, line 1226]
Event: 0.992 Thread 0x000001b077db8800 Exception <a 'sun/nio/fs/WindowsException'{0x000000070d0e6d70}> (0x000000070d0e6d70) thrown at [t:/workspace/open/src/hotspot/share/prims/jni.cpp, line 611]
Event: 0.993 Thread 0x000001b077db8800 Exception <a 'sun/nio/fs/WindowsException'{0x000000070d0e7260}> (0x000000070d0e7260) thrown at [t:/workspace/open/src/hotspot/share/prims/jni.cpp, line 611]
Event: 1.335 Thread 0x000001b077db8800 Exception <a 'java/lang/NoSuchMethodError'{0x000000070d368128}: java.lang.invoke.DirectMethodHandle$Holder.invokeInterface(Ljava/lang/Object;Ljava/lang/Object;Ljava/lang/Object;)I> (0x000000070d368128) thrown at [t:/workspace/open/src/hotspot/share/interp
Event: 1.341 Thread 0x000001b077db8800 Exception <a 'java/lang/NoSuchMethodError'{0x000000070d37eba0}: java.lang.invoke.DirectMethodHandle$Holder.invokeStatic(Ljava/lang/Object;II)V> (0x000000070d37eba0) thrown at [t:/workspace/open/src/hotspot/share/interpreter/linkResolver.cpp, line 741]

Events (10 events):
Event: 1.340 loading class java/util/Spliterators$IntArraySpliterator
Event: 1.340 loading class java/util/Spliterators$IntArraySpliterator done
Event: 1.340 loading class java/util/stream/IntPipeline$Head
Event: 1.340 loading class java/util/stream/IntPipeline
Event: 1.340 loading class java/util/stream/IntStream
Event: 1.340 loading class java/util/stream/IntStream done
Event: 1.340 loading class java/util/stream/IntPipeline done
Event: 1.340 loading class java/util/stream/IntPipeline$Head done
Event: 1.341 loading class java/util/function/IntConsumer
Event: 1.341 loading class java/util/function/IntConsumer done


Dynamic libraries:
0x00007ff617880000 - 0x00007ff6178be000 	C:\Program Files\Java\jdk-10.0.1\bin\javaw.exe
0x00007ffd11940000 - 0x00007ffd11b21000 	C:\WINDOWS\SYSTEM32\ntdll.dll
0x00007ffd0fe60000 - 0x00007ffd0ff12000 	C:\WINDOWS\System32\KERNEL32.DLL
0x00007ffd0e570000 - 0x00007ffd0e7e3000 	C:\WINDOWS\System32\KERNELBASE.dll
0x00007ffd0fdb0000 - 0x00007ffd0fe51000 	C:\WINDOWS\System32\ADVAPI32.dll
0x00007ffd0edd0000 - 0x00007ffd0ee6e000 	C:\WINDOWS\System32\msvcrt.dll
0x00007ffd0ff30000 - 0x00007ffd0ff8b000 	C:\WINDOWS\System32\sechost.dll
0x00007ffd0f230000 - 0x00007ffd0f354000 	C:\WINDOWS\System32\RPCRT4.dll
0x00007ffd102c0000 - 0x00007ffd10450000 	C:\WINDOWS\System32\USER32.dll
0x00007ffd0e4d0000 - 0x00007ffd0e4f0000 	C:\WINDOWS\System32\win32u.dll
0x00007ffd0fc00000 - 0x00007ffd0fc28000 	C:\WINDOWS\System32\GDI32.dll
0x00007ffd0e940000 - 0x00007ffd0ead2000 	C:\WINDOWS\System32\gdi32full.dll
0x00007ffd0e8a0000 - 0x00007ffd0e93f000 	C:\WINDOWS\System32\msvcp_win.dll
0x00007ffd0ecd0000 - 0x00007ffd0edc8000 	C:\WINDOWS\System32\ucrtbase.dll
0x00007ffd01f20000 - 0x00007ffd02189000 	C:\WINDOWS\WinSxS\amd64_microsoft.windows.common-controls_6595b64144ccf1df_6.0.17134.648_none_fb45a0e93062a6d2\COMCTL32.dll
0x00007ffd0ee70000 - 0x00007ffd0f192000 	C:\WINDOWS\System32\combase.dll
0x00007ffd0e4f0000 - 0x00007ffd0e56a000 	C:\WINDOWS\System32\bcryptPrimitives.dll
0x00007ffd05320000 - 0x00007ffd0532a000 	C:\WINDOWS\SYSTEM32\VERSION.dll
0x00007ffd0f200000 - 0x00007ffd0f22d000 	C:\WINDOWS\System32\IMM32.DLL
0x00007ffcdbe40000 - 0x00007ffcdbf2f000 	C:\Program Files\Java\jdk-10.0.1\bin\msvcr120.dll
0x00007ffcdfb50000 - 0x00007ffcdfbf6000 	C:\Program Files\Java\jdk-10.0.1\bin\msvcp120.dll
0x0000000051ec0000 - 0x0000000052930000 	C:\Program Files\Java\jdk-10.0.1\bin\server\jvm.dll
0x00007ffd0ff20000 - 0x00007ffd0ff28000 	C:\WINDOWS\System32\PSAPI.DLL
0x00007ffd01d00000 - 0x00007ffd01d09000 	C:\WINDOWS\SYSTEM32\WSOCK32.dll
0x00007ffd10450000 - 0x00007ffd104bc000 	C:\WINDOWS\System32\WS2_32.dll
0x00007ffd0b8d0000 - 0x00007ffd0b8f3000 	C:\WINDOWS\SYSTEM32\WINMM.dll
0x00007ffd0b8a0000 - 0x00007ffd0b8ca000 	C:\WINDOWS\SYSTEM32\WINMMBASE.dll
0x00007ffd0dd10000 - 0x00007ffd0dd59000 	C:\WINDOWS\System32\cfgmgr32.dll
0x00007ffd069e0000 - 0x00007ffd069ef000 	C:\Program Files\Java\jdk-10.0.1\bin\verify.dll
0x00007ffd0c660000 - 0x00007ffd0c829000 	C:\WINDOWS\SYSTEM32\DBGHELP.DLL
0x00007ffcff090000 - 0x00007ffcff0b9000 	C:\WINDOWS\SYSTEM32\dbgcore.DLL
0x00007ffcf7be0000 - 0x00007ffcf7c07000 	C:\Program Files\Java\jdk-10.0.1\bin\java.dll
0x00007ffd027c0000 - 0x00007ffd027d6000 	C:\Program Files\Java\jdk-10.0.1\bin\zip.dll
0x00007ffd02c40000 - 0x00007ffd02c4a000 	C:\Program Files\Java\jdk-10.0.1\bin\jimage.dll
0x00007ffd104c0000 - 0x00007ffd11900000 	C:\WINDOWS\System32\SHELL32.dll
0x00007ffd0fa40000 - 0x00007ffd0fae9000 	C:\WINDOWS\System32\shcore.dll
0x00007ffd0ddc0000 - 0x00007ffd0e4cd000 	C:\WINDOWS\System32\windows.storage.dll
0x00007ffd0f3e0000 - 0x00007ffd0f431000 	C:\WINDOWS\System32\shlwapi.dll
0x00007ffd0dcf0000 - 0x00007ffd0dd01000 	C:\WINDOWS\System32\kernel.appcore.dll
0x00007ffd0dcb0000 - 0x00007ffd0dccf000 	C:\WINDOWS\System32\profapi.dll
0x00007ffd0dc60000 - 0x00007ffd0dcac000 	C:\WINDOWS\System32\powrprof.dll
0x00007ffd0dc50000 - 0x00007ffd0dc5a000 	C:\WINDOWS\System32\FLTLIB.DLL
0x00007ffcf9490000 - 0x00007ffcf94aa000 	C:\Program Files\Java\jdk-10.0.1\bin\net.dll
0x00007ffd05670000 - 0x00007ffd0574d000 	C:\WINDOWS\SYSTEM32\WINHTTP.dll
0x00007ffd0d470000 - 0x00007ffd0d4d6000 	C:\WINDOWS\system32\mswsock.dll
0x00007ffcf9440000 - 0x00007ffcf9451000 	C:\Program Files\Java\jdk-10.0.1\bin\nio.dll
0x00007ffce0240000 - 0x00007ffce02a3000 	C:\Users\Joe Junior\AppData\Local\Temp\lwjglBoii\3.2.1-build-12\lwjgl.dll
0x00007ffcd67b0000 - 0x00007ffcd6a01000 	C:\Users\JOEJUN~1\AppData\Local\Temp\lwjglBoii\3.2.1-build-12\jemalloc.dll
0x00007ffcdf2a0000 - 0x00007ffcdf2fe000 	C:\Users\JOEJUN~1\AppData\Local\Temp\lwjglBoii\3.2.1-build-12\glfw.dll
0x00007ffd0be50000 - 0x00007ffd0bee8000 	C:\WINDOWS\system32\uxtheme.dll
0x00007ffcf7b90000 - 0x00007ffcf7bd3000 	C:\WINDOWS\SYSTEM32\dinput8.dll
0x00007ffd029e0000 - 0x00007ffd029f0000 	C:\WINDOWS\SYSTEM32\xinput1_4.dll
0x00007ffd0da00000 - 0x00007ffd0da27000 	C:\WINDOWS\SYSTEM32\DEVOBJ.dll
0x00007ffd0bfd0000 - 0x00007ffd0bff9000 	C:\WINDOWS\SYSTEM32\dwmapi.dll
0x00007ffd025f0000 - 0x00007ffd02669000 	C:\WINDOWS\SYSTEM32\inputhost.dll
0x00007ffd0b040000 - 0x00007ffd0b11a000 	C:\WINDOWS\SYSTEM32\CoreMessaging.dll
0x00007ffd096a0000 - 0x00007ffd097ed000 	C:\WINDOWS\SYSTEM32\wintypes.dll
0x00007ffd073d0000 - 0x00007ffd076ee000 	C:\WINDOWS\SYSTEM32\CoreUIComponents.dll
0x00007ffd0cdf0000 - 0x00007ffd0ce21000 	C:\WINDOWS\SYSTEM32\ntmarta.dll
0x00007ffd0fc30000 - 0x00007ffd0fda3000 	C:\WINDOWS\System32\MSCTF.dll
0x00007ffd100f0000 - 0x00007ffd101b3000 	C:\WINDOWS\System32\OLEAUT32.dll
0x00007ffd0c5b0000 - 0x00007ffd0c5bc000 	C:\WINDOWS\SYSTEM32\HID.DLL
0x00007ffd0f5e0000 - 0x00007ffd0fa2b000 	C:\WINDOWS\System32\SETUPAPI.DLL
0x00007ffd0dd60000 - 0x00007ffd0ddb7000 	C:\WINDOWS\System32\WINTRUST.dll
0x00007ffd0dcd0000 - 0x00007ffd0dce2000 	C:\WINDOWS\System32\MSASN1.dll
0x00007ffd0eae0000 - 0x00007ffd0ecc2000 	C:\WINDOWS\System32\CRYPT32.dll
0x00007ffcef910000 - 0x00007ffcefa30000 	C:\WINDOWS\SYSTEM32\opengl32.dll
0x00007ffcfa850000 - 0x00007ffcfa87c000 	C:\WINDOWS\SYSTEM32\GLU32.dll
0x00007ffcc4c70000 - 0x00007ffcc5b49000 	C:\WINDOWS\System32\DriverStore\FileRepository\ki124164.inf_amd64_85b60d2b8c3af983\ig9icd64.dll
0x00007ffd0c830000 - 0x00007ffd0c843000 	C:\WINDOWS\SYSTEM32\WTSAPI32.dll
0x00007ffd0ca10000 - 0x00007ffd0cacb000 	C:\WINDOWS\SYSTEM32\dxgi.dll
0x00007ffd03540000 - 0x00007ffd04b42000 	C:\WINDOWS\System32\DriverStore\FileRepository\ki124164.inf_amd64_85b60d2b8c3af983\igc64.dll
0x00007ffd02550000 - 0x00007ffd025e6000 	C:\WINDOWS\System32\TextInputFramework.dll
0x00007ffcdf080000 - 0x00007ffcdf0d8000 	C:\Users\Joe Junior\AppData\Local\Temp\lwjglBoii\3.2.1-build-12\lwjgl_opengl.dll

dbghelp: loaded successfully - version: 4.0.5 - missing functions: none
symbol engine: initialized successfully - sym options: 0x614 - pdb path: .;C:\Program Files\Java\jdk-10.0.1\bin;C:\WINDOWS\SYSTEM32;C:\WINDOWS\WinSxS\amd64_microsoft.windows.common-controls_6595b64144ccf1df_6.0.17134.648_none_fb45a0e93062a6d2;C:\Program Files\Java\jdk-10.0.1\bin\server;C:\Users\Joe Junior\AppData\Local\Temp\lwjglBoii\3.2.1-build-12;C:\Users\JOEJUN~1\AppData\Local\Temp\lwjglBoii\3.2.1-build-12;C:\WINDOWS\System32\DriverStore\FileRepository\ki124164.inf_amd64_85b60d2b8c3af983

VM Arguments:
jvm_args: -Dfile.encoding=Cp1252 
java_command: com.dezzy.skorp3.main.Main
java_class_path (initial): C:\Users\Joe Junior\git\Skorp3\Skorp-3-Legit\target\classes;C:\Users\Joe Junior\.m2\repository\org\lwjgl\lwjgl\3.2.1\lwjgl-3.2.1.jar;C:\Users\Joe Junior\.m2\repository\org\lwjgl\lwjgl-assimp\3.2.1\lwjgl-assimp-3.2.1.jar;C:\Users\Joe Junior\.m2\repository\org\lwjgl\lwjgl-bgfx\3.2.1\lwjgl-bgfx-3.2.1.jar;C:\Users\Joe Junior\.m2\repository\org\lwjgl\lwjgl-cuda\3.2.1\lwjgl-cuda-3.2.1.jar;C:\Users\Joe Junior\.m2\repository\org\lwjgl\lwjgl-egl\3.2.1\lwjgl-egl-3.2.1.jar;C:\Users\Joe Junior\.m2\repository\org\lwjgl\lwjgl-glfw\3.2.1\lwjgl-glfw-3.2.1.jar;C:\Users\Joe Junior\.m2\repository\org\lwjgl\lwjgl-jawt\3.2.1\lwjgl-jawt-3.2.1.jar;C:\Users\Joe Junior\.m2\repository\org\lwjgl\lwjgl-jemalloc\3.2.1\lwjgl-jemalloc-3.2.1.jar;C:\Users\Joe Junior\.m2\repository\org\lwjgl\lwjgl-libdivide\3.2.1\lwjgl-libdivide-3.2.1.jar;C:\Users\Joe Junior\.m2\repository\org\lwjgl\lwjgl-llvm\3.2.1\lwjgl-llvm-3.2.1.jar;C:\Users\Joe Junior\.m2\repository\org\lwjgl\lwjgl-lmdb\3.2.1\lwjgl-lmdb-3.2.1.jar;C:\Users\Joe Junior\.m2\repository\org\lwjgl\lwjgl-lz4\3.2.1\lwjgl-lz4-3.2.1.jar;C:\Users\Joe Junior\.m2\repository\org\lwjgl\lwjgl-meow\3.2.1\lwjgl-meow-3.2.1.jar;C:\Users\Joe Junior\.m2\repository\org\lwjgl\lwjgl-nanovg\3.2.1\lwjgl-nanovg-3.2.1.jar;C:\Users\Joe Junior\.m2\repository\org\lwjgl\lwjgl-nfd\3.2.1\lwjgl-nfd-3.2.1.jar;C:\Users\Joe Junior\.m2\repository\org\lwjgl\lwjgl-nuklear\3.2.1\lwjgl-nuklear-3.2.1.jar;C:\Users\Joe Junior\.m2\repository\org\lwjgl\lwjgl-odbc\3.2.1\lwjgl-odbc-3.2.1.jar;C:\Users\Joe Junior\.m2\repository\org\lwjgl\lwjgl-openal\3.2.1\lwjgl-openal-3.2.1.jar;C:\Users\Joe Junior\.m2\repository\org\lwjgl\lwjgl-opencl\3.2.1\lwjgl-opencl-3.2.1.jar;C:\Users\Joe Junior\.m2\repository\org\lwjgl\lwjgl-opengl\3.2.1\lwjgl-opengl-3.2.1.jar;C:\Users\Joe Junior\.m2\repository\org\lwjgl\lwjgl-opengles\3.2.1\lwjgl-opengles-3.2.1.jar;C:\Users\Joe Junior\.m2\repository\org\lwjgl\lwjgl-openvr\3.2.1\lwjgl-openvr-3.2.1.jar;C:\Users\Joe Junior\.m2\repository\org\lwjgl\
Launcher Type: SUN_STANDARD

Logging:
Log output configuration:
#0: stdout all=warning uptime,level,tags
#1: stderr all=off uptime,level,tags

Environment Variables:
JAVA_HOME=C:\Program Files\Java\jdk-10.0.1
PATH=C:/Program Files/Java/jre1.8.0_151/bin/server;C:/Program Files/Java/jre1.8.0_151/bin;C:/Program Files/Java/jre1.8.0_151/lib/amd64;C:\WINDOWS;C:\WINDOWS;C:\Program Files (x86)\Common Files\Oracle\Java\javapath;C:\Intel\OpenCL\sdk\bin\x64;C:\Intel\OpenCL\sdk\bin\x86;C:\Intel\OpenCL\sdk\bin\Pin;C:\Intel\OpenCL\sdk\bin\GTPin;C:\Program Files\Haskell\bin;C:\Program Files\Haskell Platform\8.2.2\lib\extralibs\bin;C:\Program Files\Haskell Platform\8.2.2\bin;C:\Program Files (x86)\Intel\iCLS Client\;C:\Program Files (x86)\Git\bin;C:\Program Files (x86)\Git\libexec\git-core;C:\ProgramData\Oracle\Java\javapath;C:\Program Files\Intel\iCLS Client\;C:\Windows\System32;C:\Windows;C:\Windows\System32\wbem;C:\Windows\System32\WindowsPowerShell\v1.0\;C:\Users\defaultuser0\Documents\Ndless-master\ndless-sdk\toolchain\install\bin;C:\Users\defaultuser0\Documents\Ndless-master\ndless-sdk\toolchain\bin;C:\Users\defaultuser0\Documents\Ndless-master\ndless-sdk\bin;\cygdrive\c\Users\defaultuser0\Documents\Ndless-master\ndless-sdk\toolchain\install\bin;\cygdrive\c\Users\defaultuser0\Documents\Ndless-master\ndless-sdk\bin;C:\Program Files\Java\jdk-9.0.1\bin;C:\Program Files\NASM;C:\masm32\bin;C:\WINDOWS\system32;C:\WINDOWS;C:\WINDOWS\System32\Wbem;C:\WINDOWS\System32\WindowsPowerShell\v1.0\;C:\WINDOWS\System32\OpenSSH\;C:\Program Files\CMake\bin;C:\MinGW\bin;C:\netcat_for_windows;C:\ndless\sdk\Ndless\ndless-sdk\toolchain\install\bin;C:\ndless\sdk\Ndless\ndless-sdk\bin;C:\Xilinx\Vivado\2017.4\bin;C:\Program Files\Notepad++;C:\Users\Joe Junior\Downloads\7za920;C:\Program Files\OpenSSL-Win64\bin;C:\Users\Joe Junior\AppData\Local\Programs\Python\Python37-32\Scripts\;C:\Users\Joe Junior\AppData\Local\Programs\Python\Python37-32\;C:\Users\Joe Junior\AppData\Roaming\cabal\bin;C:\Users\Joe Junior\AppData\Roaming\local\bin;C:\Users\Joe Junior\AppData\Local\Microsoft\WindowsApps;C:\Program Files\Java\jdk-9.0.1\bin;;C:\Users\Joe Junior\Desktop;
USERNAME=Boii
OS=Windows_NT
PROCESSOR_IDENTIFIER=Intel64 Family 6 Model 78 Stepping 3, GenuineIntel



---------------  S Y S T E M  ---------------

OS: Windows 10 , 64 bit Build 17134 (10.0.17134.648)

CPU:total 4 (initial active 4) (2 cores per cpu, 2 threads per core) family 6 model 78 stepping 3, cmov, cx8, fxsr, mmx, sse, sse2, sse3, ssse3, sse4.1, sse4.2, popcnt, avx, avx2, aes, clmul, erms, 3dnowpref, lzcnt, ht, tsc, tscinvbit, bmi1, bmi2, adx, fma

Memory: 4k page, physical 12470176k(5100108k free), swap 27674528k(16226884k free)

vm_info: Java HotSpot(TM) 64-Bit Server VM (10.0.1+10) for windows-amd64 JRE (10.0.1+10), built on Mar 27 2018 02:27:48 by "mach5one" with MS VC++ 12.0 (VS2013)

END.
